Determining if the pthread_create exist failed with the following output:
Change Dir: /home/admin-suz/Documents/Code/CGAL_TEST/CGAL-4.12.1/CMakeFiles/CMakeTmp

Run Build Command:"/usr/bin/make" "cmTC_26b46/fast"
/usr/bin/make -f CMakeFiles/cmTC_26b46.dir/build.make CMakeFiles/cmTC_26b46.dir/build
make[1] : on entre dans le répertoire « /home/admin-suz/Documents/Code/CGAL_TEST/CGAL-4.12.1/CMakeFiles/CMakeTmp »
Building C object CMakeFiles/cmTC_26b46.dir/CheckSymbolExists.c.o
/usr/bin/cc     -o CMakeFiles/cmTC_26b46.dir/CheckSymbolExists.c.o   -c /home/admin-suz/Documents/Code/CGAL_TEST/CGAL-4.12.1/CMakeFiles/CMakeTmp/CheckSymbolExists.c
Linking C executable cmTC_26b46
/usr/bin/cmake -E cmake_link_script CMakeFiles/cmTC_26b46.dir/link.txt --verbose=1
/usr/bin/cc       CMakeFiles/cmTC_26b46.dir/CheckSymbolExists.c.o  -o cmTC_26b46 -rdynamic 
CMakeFiles/cmTC_26b46.dir/CheckSymbolExists.c.o : Dans la fonction « main » :
CheckSymbolExists.c:(.text+0x16) : référence indéfinie vers « pthread_create »
collect2: error: ld returned 1 exit status
CMakeFiles/cmTC_26b46.dir/build.make:97 : la recette pour la cible « cmTC_26b46 » a échouée
make[1]: *** [cmTC_26b46] Erreur 1
make[1] : on quitte le répertoire « /home/admin-suz/Documents/Code/CGAL_TEST/CGAL-4.12.1/CMakeFiles/CMakeTmp »
Makefile:126 : la recette pour la cible « cmTC_26b46/fast » a échouée
make: *** [cmTC_26b46/fast] Erreur 2

File /home/admin-suz/Documents/Code/CGAL_TEST/CGAL-4.12.1/CMakeFiles/CMakeTmp/CheckSymbolExists.c:
/* */
#include <pthread.h>

int main(int argc, char** argv)
{
  (void)argv;
#ifndef pthread_create
  return ((int*)(&pthread_create))[argc];
#else
  (void)argc;
  return 0;
#endif
}

Determining if the function pthread_create exists in the pthreads failed with the following output:
Change Dir: /home/admin-suz/Documents/Code/CGAL_TEST/CGAL-4.12.1/CMakeFiles/CMakeTmp

Run Build Command:"/usr/bin/make" "cmTC_7c8e2/fast"
/usr/bin/make -f CMakeFiles/cmTC_7c8e2.dir/build.make CMakeFiles/cmTC_7c8e2.dir/build
make[1] : on entre dans le répertoire « /home/admin-suz/Documents/Code/CGAL_TEST/CGAL-4.12.1/CMakeFiles/CMakeTmp »
Building C object CMakeFiles/cmTC_7c8e2.dir/CheckFunctionExists.c.o
/usr/bin/cc    -DCHECK_FUNCTION_EXISTS=pthread_create   -o CMakeFiles/cmTC_7c8e2.dir/CheckFunctionExists.c.o   -c /usr/share/cmake-3.5/Modules/CheckFunctionExists.c
Linking C executable cmTC_7c8e2
/usr/bin/cmake -E cmake_link_script CMakeFiles/cmTC_7c8e2.dir/link.txt --verbose=1
/usr/bin/cc   -DCHECK_FUNCTION_EXISTS=pthread_create    CMakeFiles/cmTC_7c8e2.dir/CheckFunctionExists.c.o  -o cmTC_7c8e2 -rdynamic -lpthreads 
/usr/bin/ld : ne peut trouver -lpthreads
collect2: error: ld returned 1 exit status
CMakeFiles/cmTC_7c8e2.dir/build.make:97 : la recette pour la cible « cmTC_7c8e2 » a échouée
make[1]: *** [cmTC_7c8e2] Erreur 1
make[1] : on quitte le répertoire « /home/admin-suz/Documents/Code/CGAL_TEST/CGAL-4.12.1/CMakeFiles/CMakeTmp »
Makefile:126 : la recette pour la cible « cmTC_7c8e2/fast » a échouée
make: *** [cmTC_7c8e2/fast] Erreur 2


